<?xml version="1.0" encoding="UTF-8"?>
<coverage generated="1675177343665" clover="3.2.0">
  <project timestamp="1675177343665" name="All files">
    <metrics statements="80" coveredstatements="76" conditionals="21" coveredconditionals="20" methods="11" coveredmethods="10" elements="112" coveredelements="106" complexity="0" loc="80" ncloc="80" packages="5" files="5" classes="5"/>
    <package name="api">
      <metrics statements="19" coveredstatements="17" conditionals="2" coveredconditionals="1" methods="4" coveredmethods="3"/>
      <file name="server.js" path="/Users/williamjones/Projects/final_project/GetHomeSafe/api/server.js">
        <metrics statements="19" coveredstatements="17" conditionals="2" coveredconditionals="1" methods="4" coveredmethods="3"/>
        <line num="1" count="1" type="stmt"/>
        <line num="3" count="1" type="stmt"/>
        <line num="4" count="1" type="stmt"/>
        <line num="5" count="1" type="stmt"/>
        <line num="8" count="1" type="stmt"/>
        <line num="11" count="1" type="stmt"/>
        <line num="13" count="1" type="stmt"/>
        <line num="14" count="11" type="stmt"/>
        <line num="15" count="11" type="stmt"/>
        <line num="19" count="1" type="stmt"/>
        <line num="22" count="1" type="cond" truecount="1" falsecount="1"/>
        <line num="23" count="1" type="stmt"/>
        <line num="25" count="0" type="stmt"/>
        <line num="28" count="1" type="stmt"/>
        <line num="31" count="1" type="stmt"/>
        <line num="32" count="1" type="stmt"/>
        <line num="33" count="1" type="stmt"/>
        <line num="37" count="0" type="stmt"/>
        <line num="40" count="1" type="stmt"/>
      </file>
    </package>
    <package name="api.controllers">
      <metrics statements="19" coveredstatements="17" conditionals="0" coveredconditionals="0" methods="3" coveredmethods="3"/>
      <file name="userController.js" path="/Users/williamjones/Projects/final_project/GetHomeSafe/api/controllers/userController.js">
        <metrics statements="19" coveredstatements="17" conditionals="0" coveredconditionals="0" methods="3" coveredmethods="3"/>
        <line num="1" count="1" type="stmt"/>
        <line num="2" count="1" type="stmt"/>
        <line num="4" count="1" type="stmt"/>
        <line num="5" count="2" type="stmt"/>
        <line num="9" count="1" type="stmt"/>
        <line num="10" count="3" type="stmt"/>
        <line num="12" count="3" type="stmt"/>
        <line num="13" count="3" type="stmt"/>
        <line num="16" count="0" type="stmt"/>
        <line num="18" count="0" type="stmt"/>
        <line num="20" count="3" type="stmt"/>
        <line num="25" count="1" type="stmt"/>
        <line num="26" count="8" type="stmt"/>
        <line num="28" count="8" type="stmt"/>
        <line num="29" count="8" type="stmt"/>
        <line num="32" count="2" type="stmt"/>
        <line num="34" count="2" type="stmt"/>
        <line num="36" count="6" type="stmt"/>
        <line num="40" count="1" type="stmt"/>
      </file>
    </package>
    <package name="api.models">
      <metrics statements="30" coveredstatements="30" conditionals="19" coveredconditionals="19" methods="2" coveredmethods="2"/>
      <file name="userModel.js" path="/Users/williamjones/Projects/final_project/GetHomeSafe/api/models/userModel.js">
        <metrics statements="30" coveredstatements="30" conditionals="19" coveredconditionals="19" methods="2" coveredmethods="2"/>
        <line num="1" count="2" type="stmt"/>
        <line num="2" count="2" type="stmt"/>
        <line num="3" count="2" type="stmt"/>
        <line num="5" count="2" type="stmt"/>
        <line num="7" count="2" type="stmt"/>
        <line num="24" count="2" type="stmt"/>
        <line num="26" count="17" type="cond" truecount="5" falsecount="0"/>
        <line num="27" count="7" type="stmt"/>
        <line num="29" count="10" type="cond" truecount="2" falsecount="0"/>
        <line num="30" count="1" type="stmt"/>
        <line num="32" count="9" type="cond" truecount="2" falsecount="0"/>
        <line num="33" count="1" type="stmt"/>
        <line num="36" count="8" type="stmt"/>
        <line num="38" count="8" type="cond" truecount="2" falsecount="0"/>
        <line num="39" count="1" type="stmt"/>
        <line num="42" count="7" type="stmt"/>
        <line num="43" count="7" type="stmt"/>
        <line num="45" count="7" type="stmt"/>
        <line num="47" count="7" type="stmt"/>
        <line num="51" count="2" type="stmt"/>
        <line num="52" count="7" type="cond" truecount="4" falsecount="0"/>
        <line num="53" count="3" type="stmt"/>
        <line num="56" count="4" type="stmt"/>
        <line num="57" count="4" type="cond" truecount="2" falsecount="0"/>
        <line num="58" count="2" type="stmt"/>
        <line num="61" count="2" type="stmt"/>
        <line num="62" count="2" type="cond" truecount="2" falsecount="0"/>
        <line num="63" count="1" type="stmt"/>
        <line num="66" count="1" type="stmt"/>
        <line num="69" count="2" type="stmt"/>
      </file>
    </package>
    <package name="api.routes">
      <metrics statements="6" coveredstatements="6" conditionals="0" coveredconditionals="0" methods="0" coveredmethods="0"/>
      <file name="user.js" path="/Users/williamjones/Projects/final_project/GetHomeSafe/api/routes/user.js">
        <metrics statements="6" coveredstatements="6" conditionals="0" coveredconditionals="0" methods="0" coveredmethods="0"/>
        <line num="1" count="1" type="stmt"/>
        <line num="4" count="1" type="stmt"/>
        <line num="6" count="1" type="stmt"/>
        <line num="9" count="1" type="stmt"/>
        <line num="12" count="1" type="stmt"/>
        <line num="14" count="1" type="stmt"/>
      </file>
    </package>
    <package name="api.spec">
      <metrics statements="6" coveredstatements="6" conditionals="0" coveredconditionals="0" methods="2" coveredmethods="2"/>
      <file name="mongodb_helper.js" path="/Users/williamjones/Projects/final_project/GetHomeSafe/api/spec/mongodb_helper.js">
        <metrics statements="6" coveredstatements="6" conditionals="0" coveredconditionals="0" methods="2" coveredmethods="2"/>
        <line num="1" count="2" type="stmt"/>
        <line num="2" count="2" type="stmt"/>
        <line num="4" count="2" type="stmt"/>
        <line num="5" count="2" type="stmt"/>
        <line num="11" count="2" type="stmt"/>
        <line num="12" count="2" type="stmt"/>
      </file>
    </package>
  </project>
</coverage>
