{"/Users/williamjones/Projects/mern-project/acebook-mern/api/models/comment.js": {"path":"/Users/williamjones/Projects/mern-project/acebook-mern/api/models/comment.js","statementMap":{"0":{"start":{"line":2,"column":17},"end":{"line":2,"column":36}},"1":{"start":{"line":5,"column":22},"end":{"line":25,"column":1}},"2":{"start":{"line":27,"column":16},"end":{"line":27,"column":56}},"3":{"start":{"line":29,"column":0},"end":{"line":29,"column":25}}},"fnMap":{},"branchMap":{},"s":{"0":1,"1":1,"2":1,"3":1},"f":{},"b":{},"_coverageSchema":"1a1c01bbd47fc00a2c39e90264f33305004495a9","hash":"6e00ef6600c479550dcbe0e883740be9f7317a53"}
,"/Users/williamjones/Projects/mern-project/acebook-mern/api/models/post.js": {"path":"/Users/williamjones/Projects/mern-project/acebook-mern/api/models/post.js","statementMap":{"0":{"start":{"line":1,"column":17},"end":{"line":1,"column":36}},"1":{"start":{"line":3,"column":19},"end":{"line":23,"column":1}},"2":{"start":{"line":25,"column":13},"end":{"line":25,"column":47}},"3":{"start":{"line":27,"column":0},"end":{"line":27,"column":22}}},"fnMap":{},"branchMap":{},"s":{"0":1,"1":1,"2":1,"3":1},"f":{},"b":{},"_coverageSchema":"1a1c01bbd47fc00a2c39e90264f33305004495a9","hash":"b223335c78eb7207920892c5738fad5acbe1a8e8"}
,"/Users/williamjones/Projects/mern-project/acebook-mern/api/models/token_generator.js": {"path":"/Users/williamjones/Projects/mern-project/acebook-mern/api/models/token_generator.js","statementMap":{"0":{"start":{"line":1,"column":12},"end":{"line":1,"column":35}},"1":{"start":{"line":2,"column":16},"end":{"line":2,"column":34}},"2":{"start":{"line":3,"column":15},"end":{"line":3,"column":37}},"3":{"start":{"line":7,"column":4},"end":{"line":7,"column":74}},"4":{"start":{"line":11,"column":0},"end":{"line":11,"column":32}}},"fnMap":{"0":{"name":"(anonymous_0)","decl":{"start":{"line":6,"column":2},"end":{"line":6,"column":3}},"loc":{"start":{"line":6,"column":31},"end":{"line":8,"column":3}},"line":6}},"branchMap":{},"s":{"0":1,"1":1,"2":1,"3":1,"4":1},"f":{"0":1},"b":{},"_coverageSchema":"1a1c01bbd47fc00a2c39e90264f33305004495a9","hash":"6e03acfd7ae5e238a3289156f6a4eccc8a6f86e0"}
,"/Users/williamjones/Projects/mern-project/acebook-mern/api/models/user.js": {"path":"/Users/williamjones/Projects/mern-project/acebook-mern/api/models/user.js","statementMap":{"0":{"start":{"line":1,"column":17},"end":{"line":1,"column":36}},"1":{"start":{"line":2,"column":15},"end":{"line":2,"column":32}},"2":{"start":{"line":3,"column":18},"end":{"line":3,"column":38}},"3":{"start":{"line":5,"column":19},"end":{"line":16,"column":2}},"4":{"start":{"line":18,"column":0},"end":{"line":44,"column":2}},"5":{"start":{"line":19,"column":17},"end":{"line":19,"column":46}},"6":{"start":{"line":21,"column":2},"end":{"line":23,"column":3}},"7":{"start":{"line":22,"column":4},"end":{"line":22,"column":40}},"8":{"start":{"line":26,"column":2},"end":{"line":28,"column":3}},"9":{"start":{"line":27,"column":4},"end":{"line":27,"column":45}},"10":{"start":{"line":29,"column":2},"end":{"line":31,"column":3}},"11":{"start":{"line":30,"column":4},"end":{"line":30,"column":38}},"12":{"start":{"line":32,"column":2},"end":{"line":36,"column":3}},"13":{"start":{"line":33,"column":4},"end":{"line":35,"column":6}},"14":{"start":{"line":38,"column":15},"end":{"line":38,"column":39}},"15":{"start":{"line":39,"column":15},"end":{"line":39,"column":48}},"16":{"start":{"line":41,"column":15},"end":{"line":41,"column":94}},"17":{"start":{"line":43,"column":2},"end":{"line":43,"column":14}},"18":{"start":{"line":46,"column":0},"end":{"line":63,"column":2}},"19":{"start":{"line":47,"column":2},"end":{"line":49,"column":3}},"20":{"start":{"line":48,"column":4},"end":{"line":48,"column":45}},"21":{"start":{"line":51,"column":15},"end":{"line":51,"column":44}},"22":{"start":{"line":53,"column":2},"end":{"line":55,"column":3}},"23":{"start":{"line":54,"column":4},"end":{"line":54,"column":35}},"24":{"start":{"line":56,"column":16},"end":{"line":56,"column":61}},"25":{"start":{"line":58,"column":2},"end":{"line":60,"column":3}},"26":{"start":{"line":59,"column":4},"end":{"line":59,"column":38}},"27":{"start":{"line":62,"column":2},"end":{"line":62,"column":14}},"28":{"start":{"line":64,"column":13},"end":{"line":64,"column":47}},"29":{"start":{"line":66,"column":0},"end":{"line":66,"column":22}}},"fnMap":{"0":{"name":"(anonymous_0)","decl":{"start":{"line":18,"column":28},"end":{"line":18,"column":29}},"loc":{"start":{"line":18,"column":97},"end":{"line":44,"column":1}},"line":18},"1":{"name":"(anonymous_1)","decl":{"start":{"line":46,"column":27},"end":{"line":46,"column":28}},"loc":{"start":{"line":46,"column":60},"end":{"line":63,"column":1}},"line":46}},"branchMap":{"0":{"loc":{"start":{"line":21,"column":2},"end":{"line":23,"column":3}},"type":"if","locations":[{"start":{"line":21,"column":2},"end":{"line":23,"column":3}},{"start":{},"end":{}}],"line":21},"1":{"loc":{"start":{"line":26,"column":2},"end":{"line":28,"column":3}},"type":"if","locations":[{"start":{"line":26,"column":2},"end":{"line":28,"column":3}},{"start":{},"end":{}}],"line":26},"2":{"loc":{"start":{"line":26,"column":6},"end":{"line":26,"column":34}},"type":"binary-expr","locations":[{"start":{"line":26,"column":6},"end":{"line":26,"column":12}},{"start":{"line":26,"column":16},"end":{"line":26,"column":25}},{"start":{"line":26,"column":29},"end":{"line":26,"column":34}}],"line":26},"3":{"loc":{"start":{"line":29,"column":2},"end":{"line":31,"column":3}},"type":"if","locations":[{"start":{"line":29,"column":2},"end":{"line":31,"column":3}},{"start":{},"end":{}}],"line":29},"4":{"loc":{"start":{"line":32,"column":2},"end":{"line":36,"column":3}},"type":"if","locations":[{"start":{"line":32,"column":2},"end":{"line":36,"column":3}},{"start":{},"end":{}}],"line":32},"5":{"loc":{"start":{"line":47,"column":2},"end":{"line":49,"column":3}},"type":"if","locations":[{"start":{"line":47,"column":2},"end":{"line":49,"column":3}},{"start":{},"end":{}}],"line":47},"6":{"loc":{"start":{"line":47,"column":6},"end":{"line":47,"column":25}},"type":"binary-expr","locations":[{"start":{"line":47,"column":6},"end":{"line":47,"column":12}},{"start":{"line":47,"column":16},"end":{"line":47,"column":25}}],"line":47},"7":{"loc":{"start":{"line":53,"column":2},"end":{"line":55,"column":3}},"type":"if","locations":[{"start":{"line":53,"column":2},"end":{"line":55,"column":3}},{"start":{},"end":{}}],"line":53},"8":{"loc":{"start":{"line":58,"column":2},"end":{"line":60,"column":3}},"type":"if","locations":[{"start":{"line":58,"column":2},"end":{"line":60,"column":3}},{"start":{},"end":{}}],"line":58}},"s":{"0":1,"1":1,"2":1,"3":1,"4":1,"5":9,"6":9,"7":1,"8":8,"9":1,"10":7,"11":1,"12":6,"13":1,"14":5,"15":5,"16":5,"17":5,"18":1,"19":4,"20":1,"21":3,"22":3,"23":1,"24":2,"25":2,"26":1,"27":1,"28":1,"29":1},"f":{"0":9,"1":4},"b":{"0":[1,8],"1":[1,7],"2":[8,8,7],"3":[1,6],"4":[1,5],"5":[1,3],"6":[4,4],"7":[1,2],"8":[1,1]},"_coverageSchema":"1a1c01bbd47fc00a2c39e90264f33305004495a9","hash":"0c9ec34651f2d6266bbd4802483ac9a00a18c42a"}
,"/Users/williamjones/Projects/mern-project/acebook-mern/api/spec/mongodb_helper.js": {"path":"/Users/williamjones/Projects/mern-project/acebook-mern/api/spec/mongodb_helper.js","statementMap":{"0":{"start":{"line":1,"column":15},"end":{"line":1,"column":34}},"1":{"start":{"line":3,"column":0},"end":{"line":14,"column":3}},"2":{"start":{"line":4,"column":2},"end":{"line":7,"column":5}},"3":{"start":{"line":9,"column":11},"end":{"line":9,"column":30}},"4":{"start":{"line":10,"column":2},"end":{"line":10,"column":75}},"5":{"start":{"line":11,"column":2},"end":{"line":13,"column":5}},"6":{"start":{"line":12,"column":4},"end":{"line":12,"column":11}},"7":{"start":{"line":16,"column":0},"end":{"line":20,"column":3}},"8":{"start":{"line":17,"column":2},"end":{"line":19,"column":5}},"9":{"start":{"line":18,"column":4},"end":{"line":18,"column":11}}},"fnMap":{"0":{"name":"(anonymous_0)","decl":{"start":{"line":3,"column":10},"end":{"line":3,"column":11}},"loc":{"start":{"line":3,"column":26},"end":{"line":14,"column":1}},"line":3},"1":{"name":"(anonymous_1)","decl":{"start":{"line":11,"column":16},"end":{"line":11,"column":17}},"loc":{"start":{"line":11,"column":28},"end":{"line":13,"column":3}},"line":11},"2":{"name":"(anonymous_2)","decl":{"start":{"line":16,"column":9},"end":{"line":16,"column":10}},"loc":{"start":{"line":16,"column":25},"end":{"line":20,"column":1}},"line":16},"3":{"name":"(anonymous_3)","decl":{"start":{"line":17,"column":34},"end":{"line":17,"column":35}},"loc":{"start":{"line":17,"column":46},"end":{"line":19,"column":3}},"line":17}},"branchMap":{},"s":{"0":3,"1":3,"2":3,"3":3,"4":3,"5":3,"6":3,"7":3,"8":3,"9":3},"f":{"0":3,"1":3,"2":3,"3":3},"b":{},"_coverageSchema":"1a1c01bbd47fc00a2c39e90264f33305004495a9","hash":"faf7e4a10a1ce6582738aa14119267fbb6a73f90"}
}
