{"/Users/williamjones/Projects/final_project/GetHomeSafe/api/server.js": {"path":"/Users/williamjones/Projects/final_project/GetHomeSafe/api/server.js","statementMap":{"0":{"start":{"line":1,"column":0},"end":{"line":1,"column":26}},"1":{"start":{"line":3,"column":16},"end":{"line":3,"column":34}},"2":{"start":{"line":4,"column":17},"end":{"line":4,"column":36}},"3":{"start":{"line":5,"column":19},"end":{"line":5,"column":43}},"4":{"start":{"line":8,"column":12},"end":{"line":8,"column":21}},"5":{"start":{"line":11,"column":0},"end":{"line":11,"column":23}},"6":{"start":{"line":13,"column":0},"end":{"line":16,"column":2}},"7":{"start":{"line":14,"column":2},"end":{"line":14,"column":35}},"8":{"start":{"line":15,"column":2},"end":{"line":15,"column":8}},"9":{"start":{"line":19,"column":0},"end":{"line":19,"column":32}},"10":{"start":{"line":22,"column":0},"end":{"line":26,"column":1}},"11":{"start":{"line":23,"column":2},"end":{"line":23,"column":32}},"12":{"start":{"line":25,"column":2},"end":{"line":25,"column":37}},"13":{"start":{"line":28,"column":0},"end":{"line":38,"column":4}},"14":{"start":{"line":31,"column":4},"end":{"line":31,"column":27}},"15":{"start":{"line":32,"column":4},"end":{"line":34,"column":6}},"16":{"start":{"line":33,"column":6},"end":{"line":33,"column":74}},"17":{"start":{"line":37,"column":4},"end":{"line":37,"column":22}},"18":{"start":{"line":40,"column":0},"end":{"line":40,"column":21}}},"fnMap":{"0":{"name":"(anonymous_0)","decl":{"start":{"line":13,"column":8},"end":{"line":13,"column":9}},"loc":{"start":{"line":13,"column":28},"end":{"line":16,"column":1}},"line":13},"1":{"name":"(anonymous_1)","decl":{"start":{"line":29,"column":8},"end":{"line":29,"column":9}},"loc":{"start":{"line":29,"column":14},"end":{"line":35,"column":3}},"line":29},"2":{"name":"(anonymous_2)","decl":{"start":{"line":32,"column":33},"end":{"line":32,"column":34}},"loc":{"start":{"line":32,"column":39},"end":{"line":34,"column":5}},"line":32},"3":{"name":"(anonymous_3)","decl":{"start":{"line":36,"column":9},"end":{"line":36,"column":10}},"loc":{"start":{"line":36,"column":20},"end":{"line":38,"column":3}},"line":36}},"branchMap":{"0":{"loc":{"start":{"line":22,"column":0},"end":{"line":26,"column":1}},"type":"if","locations":[{"start":{"line":22,"column":0},"end":{"line":26,"column":1}},{"start":{"line":24,"column":7},"end":{"line":26,"column":1}}],"line":22}},"s":{"0":1,"1":1,"2":1,"3":1,"4":1,"5":1,"6":1,"7":11,"8":11,"9":1,"10":1,"11":1,"12":0,"13":1,"14":1,"15":1,"16":1,"17":0,"18":1},"f":{"0":11,"1":1,"2":1,"3":0},"b":{"0":[1,0]},"_coverageSchema":"1a1c01bbd47fc00a2c39e90264f33305004495a9","hash":"8bad7f5adc758e6b3a6c6f67568197eee1520d85"}
,"/Users/williamjones/Projects/final_project/GetHomeSafe/api/controllers/userController.js": {"path":"/Users/williamjones/Projects/final_project/GetHomeSafe/api/controllers/userController.js","statementMap":{"0":{"start":{"line":1,"column":13},"end":{"line":1,"column":43}},"1":{"start":{"line":2,"column":12},"end":{"line":2,"column":35}},"2":{"start":{"line":4,"column":20},"end":{"line":6,"column":1}},"3":{"start":{"line":5,"column":2},"end":{"line":5,"column":69}},"4":{"start":{"line":9,"column":18},"end":{"line":22,"column":1}},"5":{"start":{"line":10,"column":28},"end":{"line":10,"column":36}},"6":{"start":{"line":12,"column":2},"end":{"line":21,"column":3}},"7":{"start":{"line":13,"column":17},"end":{"line":13,"column":50}},"8":{"start":{"line":16,"column":18},"end":{"line":16,"column":39}},"9":{"start":{"line":18,"column":4},"end":{"line":18,"column":52}},"10":{"start":{"line":20,"column":4},"end":{"line":20,"column":48}},"11":{"start":{"line":25,"column":19},"end":{"line":38,"column":1}},"12":{"start":{"line":26,"column":34},"end":{"line":26,"column":42}},"13":{"start":{"line":28,"column":2},"end":{"line":37,"column":3}},"14":{"start":{"line":29,"column":17},"end":{"line":29,"column":57}},"15":{"start":{"line":32,"column":18},"end":{"line":32,"column":39}},"16":{"start":{"line":34,"column":4},"end":{"line":34,"column":40}},"17":{"start":{"line":36,"column":4},"end":{"line":36,"column":48}},"18":{"start":{"line":40,"column":0},"end":{"line":40,"column":42}}},"fnMap":{"0":{"name":"(anonymous_0)","decl":{"start":{"line":4,"column":20},"end":{"line":4,"column":21}},"loc":{"start":{"line":4,"column":29},"end":{"line":6,"column":1}},"line":4},"1":{"name":"(anonymous_1)","decl":{"start":{"line":9,"column":18},"end":{"line":9,"column":19}},"loc":{"start":{"line":9,"column":38},"end":{"line":22,"column":1}},"line":9},"2":{"name":"(anonymous_2)","decl":{"start":{"line":25,"column":19},"end":{"line":25,"column":20}},"loc":{"start":{"line":25,"column":39},"end":{"line":38,"column":1}},"line":25}},"branchMap":{},"s":{"0":1,"1":1,"2":1,"3":2,"4":1,"5":3,"6":3,"7":3,"8":0,"9":0,"10":3,"11":1,"12":8,"13":8,"14":8,"15":2,"16":2,"17":6,"18":1},"f":{"0":2,"1":3,"2":8},"b":{},"_coverageSchema":"1a1c01bbd47fc00a2c39e90264f33305004495a9","hash":"5ad1311dbbab29df251554716d062c7debe0e441"}
,"/Users/williamjones/Projects/final_project/GetHomeSafe/api/models/userModel.js": {"path":"/Users/williamjones/Projects/final_project/GetHomeSafe/api/models/userModel.js","statementMap":{"0":{"start":{"line":1,"column":17},"end":{"line":1,"column":36}},"1":{"start":{"line":2,"column":15},"end":{"line":2,"column":32}},"2":{"start":{"line":3,"column":18},"end":{"line":3,"column":38}},"3":{"start":{"line":5,"column":15},"end":{"line":5,"column":30}},"4":{"start":{"line":7,"column":19},"end":{"line":21,"column":2}},"5":{"start":{"line":24,"column":0},"end":{"line":48,"column":2}},"6":{"start":{"line":26,"column":2},"end":{"line":28,"column":3}},"7":{"start":{"line":27,"column":4},"end":{"line":27,"column":45}},"8":{"start":{"line":29,"column":2},"end":{"line":31,"column":3}},"9":{"start":{"line":30,"column":4},"end":{"line":30,"column":38}},"10":{"start":{"line":32,"column":2},"end":{"line":34,"column":3}},"11":{"start":{"line":33,"column":4},"end":{"line":33,"column":46}},"12":{"start":{"line":36,"column":17},"end":{"line":36,"column":46}},"13":{"start":{"line":38,"column":2},"end":{"line":40,"column":3}},"14":{"start":{"line":39,"column":4},"end":{"line":39,"column":40}},"15":{"start":{"line":42,"column":15},"end":{"line":42,"column":39}},"16":{"start":{"line":43,"column":15},"end":{"line":43,"column":48}},"17":{"start":{"line":45,"column":15},"end":{"line":45,"column":65}},"18":{"start":{"line":47,"column":2},"end":{"line":47,"column":14}},"19":{"start":{"line":51,"column":0},"end":{"line":67,"column":2}},"20":{"start":{"line":52,"column":2},"end":{"line":54,"column":3}},"21":{"start":{"line":53,"column":4},"end":{"line":53,"column":45}},"22":{"start":{"line":56,"column":15},"end":{"line":56,"column":44}},"23":{"start":{"line":57,"column":2},"end":{"line":59,"column":3}},"24":{"start":{"line":58,"column":4},"end":{"line":58,"column":35}},"25":{"start":{"line":61,"column":16},"end":{"line":61,"column":61}},"26":{"start":{"line":62,"column":2},"end":{"line":64,"column":3}},"27":{"start":{"line":63,"column":4},"end":{"line":63,"column":38}},"28":{"start":{"line":66,"column":2},"end":{"line":66,"column":14}},"29":{"start":{"line":69,"column":0},"end":{"line":69,"column":52}}},"fnMap":{"0":{"name":"(anonymous_0)","decl":{"start":{"line":24,"column":28},"end":{"line":24,"column":29}},"loc":{"start":{"line":24,"column":67},"end":{"line":48,"column":1}},"line":24},"1":{"name":"(anonymous_1)","decl":{"start":{"line":51,"column":27},"end":{"line":51,"column":28}},"loc":{"start":{"line":51,"column":60},"end":{"line":67,"column":1}},"line":51}},"branchMap":{"0":{"loc":{"start":{"line":26,"column":2},"end":{"line":28,"column":3}},"type":"if","locations":[{"start":{"line":26,"column":2},"end":{"line":28,"column":3}},{"start":{},"end":{}}],"line":26},"1":{"loc":{"start":{"line":26,"column":6},"end":{"line":26,"column":34}},"type":"binary-expr","locations":[{"start":{"line":26,"column":6},"end":{"line":26,"column":11}},{"start":{"line":26,"column":15},"end":{"line":26,"column":21}},{"start":{"line":26,"column":25},"end":{"line":26,"column":34}}],"line":26},"2":{"loc":{"start":{"line":29,"column":2},"end":{"line":31,"column":3}},"type":"if","locations":[{"start":{"line":29,"column":2},"end":{"line":31,"column":3}},{"start":{},"end":{}}],"line":29},"3":{"loc":{"start":{"line":32,"column":2},"end":{"line":34,"column":3}},"type":"if","locations":[{"start":{"line":32,"column":2},"end":{"line":34,"column":3}},{"start":{},"end":{}}],"line":32},"4":{"loc":{"start":{"line":38,"column":2},"end":{"line":40,"column":3}},"type":"if","locations":[{"start":{"line":38,"column":2},"end":{"line":40,"column":3}},{"start":{},"end":{}}],"line":38},"5":{"loc":{"start":{"line":52,"column":2},"end":{"line":54,"column":3}},"type":"if","locations":[{"start":{"line":52,"column":2},"end":{"line":54,"column":3}},{"start":{},"end":{}}],"line":52},"6":{"loc":{"start":{"line":52,"column":6},"end":{"line":52,"column":25}},"type":"binary-expr","locations":[{"start":{"line":52,"column":6},"end":{"line":52,"column":12}},{"start":{"line":52,"column":16},"end":{"line":52,"column":25}}],"line":52},"7":{"loc":{"start":{"line":57,"column":2},"end":{"line":59,"column":3}},"type":"if","locations":[{"start":{"line":57,"column":2},"end":{"line":59,"column":3}},{"start":{},"end":{}}],"line":57},"8":{"loc":{"start":{"line":62,"column":2},"end":{"line":64,"column":3}},"type":"if","locations":[{"start":{"line":62,"column":2},"end":{"line":64,"column":3}},{"start":{},"end":{}}],"line":62}},"s":{"0":2,"1":2,"2":2,"3":2,"4":2,"5":2,"6":17,"7":7,"8":10,"9":1,"10":9,"11":1,"12":8,"13":8,"14":1,"15":7,"16":7,"17":7,"18":7,"19":2,"20":7,"21":3,"22":4,"23":4,"24":2,"25":2,"26":2,"27":1,"28":1,"29":2},"f":{"0":17,"1":7},"b":{"0":[7,10],"1":[17,15,13],"2":[1,9],"3":[1,8],"4":[1,7],"5":[3,4],"6":[7,6],"7":[2,2],"8":[1,1]},"_coverageSchema":"1a1c01bbd47fc00a2c39e90264f33305004495a9","hash":"977169b60f70e3296c43c6d7403f1acb44443c32"}
,"/Users/williamjones/Projects/final_project/GetHomeSafe/api/routes/user.js": {"path":"/Users/williamjones/Projects/final_project/GetHomeSafe/api/routes/user.js","statementMap":{"0":{"start":{"line":1,"column":16},"end":{"line":1,"column":34}},"1":{"start":{"line":4,"column":34},"end":{"line":4,"column":74}},"2":{"start":{"line":6,"column":15},"end":{"line":6,"column":31}},"3":{"start":{"line":9,"column":0},"end":{"line":9,"column":33}},"4":{"start":{"line":12,"column":0},"end":{"line":12,"column":35}},"5":{"start":{"line":14,"column":0},"end":{"line":14,"column":24}}},"fnMap":{},"branchMap":{},"s":{"0":1,"1":1,"2":1,"3":1,"4":1,"5":1},"f":{},"b":{},"_coverageSchema":"1a1c01bbd47fc00a2c39e90264f33305004495a9","hash":"d38a9c3bea69c58f277fb4e86f690d91e3c7dbf9"}
,"/Users/williamjones/Projects/final_project/GetHomeSafe/api/spec/mongodb_helper.js": {"path":"/Users/williamjones/Projects/final_project/GetHomeSafe/api/spec/mongodb_helper.js","statementMap":{"0":{"start":{"line":1,"column":15},"end":{"line":1,"column":34}},"1":{"start":{"line":2,"column":0},"end":{"line":2,"column":27}},"2":{"start":{"line":4,"column":0},"end":{"line":9,"column":3}},"3":{"start":{"line":5,"column":2},"end":{"line":8,"column":5}},"4":{"start":{"line":11,"column":0},"end":{"line":13,"column":3}},"5":{"start":{"line":12,"column":2},"end":{"line":12,"column":36}}},"fnMap":{"0":{"name":"(anonymous_0)","decl":{"start":{"line":4,"column":10},"end":{"line":4,"column":11}},"loc":{"start":{"line":4,"column":22},"end":{"line":9,"column":1}},"line":4},"1":{"name":"(anonymous_1)","decl":{"start":{"line":11,"column":9},"end":{"line":11,"column":10}},"loc":{"start":{"line":11,"column":21},"end":{"line":13,"column":1}},"line":11}},"branchMap":{},"s":{"0":2,"1":2,"2":2,"3":2,"4":2,"5":2},"f":{"0":2,"1":2},"b":{},"_coverageSchema":"1a1c01bbd47fc00a2c39e90264f33305004495a9","hash":"d83f404d926711e5df0e088e2e2048b2c4f0d197"}
}
