TN:
SF:models/comment.js
FNF:0
FNH:0
DA:2,1
DA:5,1
DA:27,1
DA:29,1
LF:4
LH:4
BRF:0
BRH:0
end_of_record
TN:
SF:models/post.js
FNF:0
FNH:0
DA:1,1
DA:3,1
DA:25,1
DA:27,1
LF:4
LH:4
BRF:0
BRH:0
end_of_record
TN:
SF:models/token_generator.js
FN:6,(anonymous_0)
FNF:1
FNH:1
FNDA:1,(anonymous_0)
DA:1,1
DA:2,1
DA:3,1
DA:7,1
DA:11,1
LF:5
LH:5
BRF:0
BRH:0
end_of_record
TN:
SF:models/user.js
FN:18,(anonymous_0)
FN:46,(anonymous_1)
FNF:2
FNH:2
FNDA:9,(anonymous_0)
FNDA:4,(anonymous_1)
DA:1,1
DA:2,1
DA:3,1
DA:5,1
DA:18,1
DA:19,9
DA:21,9
DA:22,1
DA:26,8
DA:27,1
DA:29,7
DA:30,1
DA:32,6
DA:33,1
DA:38,5
DA:39,5
DA:41,5
DA:43,5
DA:46,1
DA:47,4
DA:48,1
DA:51,3
DA:53,3
DA:54,1
DA:56,2
DA:58,2
DA:59,1
DA:62,1
DA:64,1
DA:66,1
LF:30
LH:30
BRDA:21,0,0,1
BRDA:21,0,1,8
BRDA:26,1,0,1
BRDA:26,1,1,7
BRDA:26,2,0,8
BRDA:26,2,1,8
BRDA:26,2,2,7
BRDA:29,3,0,1
BRDA:29,3,1,6
BRDA:32,4,0,1
BRDA:32,4,1,5
BRDA:47,5,0,1
BRDA:47,5,1,3
BRDA:47,6,0,4
BRDA:47,6,1,4
BRDA:53,7,0,1
BRDA:53,7,1,2
BRDA:58,8,0,1
BRDA:58,8,1,1
BRF:19
BRH:19
end_of_record
TN:
SF:spec/mongodb_helper.js
FN:3,(anonymous_0)
FN:11,(anonymous_1)
FN:16,(anonymous_2)
FN:17,(anonymous_3)
FNF:4
FNH:4
FNDA:3,(anonymous_0)
FNDA:3,(anonymous_1)
FNDA:3,(anonymous_2)
FNDA:3,(anonymous_3)
DA:1,3
DA:3,3
DA:4,3
DA:9,3
DA:10,3
DA:11,3
DA:12,3
DA:16,3
DA:17,3
DA:18,3
LF:10
LH:10
BRF:0
BRH:0
end_of_record
