TN:
SF:server.js
FN:13,(anonymous_0)
FN:29,(anonymous_1)
FN:32,(anonymous_2)
FN:36,(anonymous_3)
FNF:4
FNH:3
FNDA:11,(anonymous_0)
FNDA:1,(anonymous_1)
FNDA:1,(anonymous_2)
FNDA:0,(anonymous_3)
DA:1,1
DA:3,1
DA:4,1
DA:5,1
DA:8,1
DA:11,1
DA:13,1
DA:14,11
DA:15,11
DA:19,1
DA:22,1
DA:23,1
DA:25,0
DA:28,1
DA:31,1
DA:32,1
DA:33,1
DA:37,0
DA:40,1
LF:19
LH:17
BRDA:22,0,0,1
BRDA:22,0,1,0
BRF:2
BRH:1
end_of_record
TN:
SF:controllers/userController.js
FN:4,(anonymous_0)
FN:9,(anonymous_1)
FN:25,(anonymous_2)
FNF:3
FNH:3
FNDA:2,(anonymous_0)
FNDA:3,(anonymous_1)
FNDA:8,(anonymous_2)
DA:1,1
DA:2,1
DA:4,1
DA:5,2
DA:9,1
DA:10,3
DA:12,3
DA:13,3
DA:16,0
DA:18,0
DA:20,3
DA:25,1
DA:26,8
DA:28,8
DA:29,8
DA:32,2
DA:34,2
DA:36,6
DA:40,1
LF:19
LH:17
BRF:0
BRH:0
end_of_record
TN:
SF:models/userModel.js
FN:24,(anonymous_0)
FN:51,(anonymous_1)
FNF:2
FNH:2
FNDA:17,(anonymous_0)
FNDA:7,(anonymous_1)
DA:1,2
DA:2,2
DA:3,2
DA:5,2
DA:7,2
DA:24,2
DA:26,17
DA:27,7
DA:29,10
DA:30,1
DA:32,9
DA:33,1
DA:36,8
DA:38,8
DA:39,1
DA:42,7
DA:43,7
DA:45,7
DA:47,7
DA:51,2
DA:52,7
DA:53,3
DA:56,4
DA:57,4
DA:58,2
DA:61,2
DA:62,2
DA:63,1
DA:66,1
DA:69,2
LF:30
LH:30
BRDA:26,0,0,7
BRDA:26,0,1,10
BRDA:26,1,0,17
BRDA:26,1,1,15
BRDA:26,1,2,13
BRDA:29,2,0,1
BRDA:29,2,1,9
BRDA:32,3,0,1
BRDA:32,3,1,8
BRDA:38,4,0,1
BRDA:38,4,1,7
BRDA:52,5,0,3
BRDA:52,5,1,4
BRDA:52,6,0,7
BRDA:52,6,1,6
BRDA:57,7,0,2
BRDA:57,7,1,2
BRDA:62,8,0,1
BRDA:62,8,1,1
BRF:19
BRH:19
end_of_record
TN:
SF:routes/user.js
FNF:0
FNH:0
DA:1,1
DA:4,1
DA:6,1
DA:9,1
DA:12,1
DA:14,1
LF:6
LH:6
BRF:0
BRH:0
end_of_record
TN:
SF:spec/mongodb_helper.js
FN:4,(anonymous_0)
FN:11,(anonymous_1)
FNF:2
FNH:2
FNDA:2,(anonymous_0)
FNDA:2,(anonymous_1)
DA:1,2
DA:2,2
DA:4,2
DA:5,2
DA:11,2
DA:12,2
LF:6
LH:6
BRF:0
BRH:0
end_of_record
